[0m16:33:30.449929 [debug] [MainThread]: Sending event: {'category': 'dbt', 'action': 'invocation', 'label': 'start', 'context': [<snowplow_tracker.self_describing_json.SelfDescribingJson object at 0x0000019DB00419D0>, <snowplow_tracker.self_describing_json.SelfDescribingJson object at 0x0000019DB0D4BE50>, <snowplow_tracker.self_describing_json.SelfDescribingJson object at 0x0000019DB0FF6AD0>]}


============================== 16:33:30.461233 | 4ad6c7d5-2318-45a8-b1ca-5d9a5ad0e54b ==============================
[0m16:33:30.461233 [info ] [MainThread]: Running with dbt=1.11.5
[0m16:33:30.462234 [debug] [MainThread]: running dbt with arguments {'printer_width': '80', 'indirect_selection': 'eager', 'write_json': 'True', 'log_cache_events': 'False', 'partial_parse': 'True', 'cache_selected_only': 'False', 'warn_error': 'None', 'version_check': 'True', 'profiles_dir': '.', 'log_path': 'C:\\Users\\SandipSingha\\Desktop\\bob-a-thon\\datamind\\dbt_project\\logs', 'debug': 'False', 'fail_fast': 'False', 'use_colors': 'True', 'use_experimental_parser': 'False', 'no_print': 'None', 'quiet': 'False', 'empty': 'False', 'log_format': 'default', 'static_parser': 'True', 'introspect': 'True', 'warn_error_options': 'WarnErrorOptionsV2(error=[], warn=[], silence=[])', 'target_path': 'None', 'invocation_command': 'dbt compile --profiles-dir .', 'send_anonymous_usage_stats': 'True'}
[0m16:33:32.562597 [debug] [MainThread]: Snowflake adapter: Setting snowflake.connector to ERROR (file logging only)
[0m16:33:32.563598 [debug] [MainThread]: Snowflake adapter: Setting botocore to ERROR (file logging only)
[0m16:33:32.564598 [debug] [MainThread]: Snowflake adapter: Setting boto3 to ERROR (file logging only)
[0m16:33:33.230796 [debug] [MainThread]: Sending event: {'category': 'dbt', 'action': 'project_id', 'label': '4ad6c7d5-2318-45a8-b1ca-5d9a5ad0e54b', 'context': [<snowplow_tracker.self_describing_json.SelfDescribingJson object at 0x0000019DCF1523D0>]}
[0m16:33:33.342116 [debug] [MainThread]: Sending event: {'category': 'dbt', 'action': 'adapter_info', 'label': '4ad6c7d5-2318-45a8-b1ca-5d9a5ad0e54b', 'context': [<snowplow_tracker.self_describing_json.SelfDescribingJson object at 0x0000019DB0EDFCD0>]}
[0m16:33:33.345115 [info ] [MainThread]: Registered adapter: snowflake=1.11.2
[0m16:33:34.303884 [debug] [MainThread]: checksum: 917838c7befe257b9b22a76c21e5785f6f23ac83ef0336e2870f03c9c3f28402, vars: {}, profile: , target: , version: 1.11.5
[0m16:33:34.305881 [info ] [MainThread]: Unable to do partial parsing because saved manifest not found. Starting full parse.
[0m16:33:34.306881 [debug] [MainThread]: Sending event: {'category': 'dbt', 'action': 'partial_parser', 'label': '4ad6c7d5-2318-45a8-b1ca-5d9a5ad0e54b', 'context': [<snowplow_tracker.self_describing_json.SelfDescribingJson object at 0x0000019DCF0B1710>]}
[0m16:33:34.345473 [warn ] [MainThread]: [[33mWARNING[0m][PropertyMovedToConfigDeprecation]: Deprecated functionality
Found `meta` as a top-level property of `models[0]` in file
`models\marts\schema.yml`. The `meta` top-level property should be moved into
the `config` of `models[0]`.
[0m16:33:34.346472 [debug] [MainThread]: Sending event: {'category': 'dbt', 'action': 'deprecation', 'label': '4ad6c7d5-2318-45a8-b1ca-5d9a5ad0e54b', 'property_': 'warn', 'context': [<snowplow_tracker.self_describing_json.SelfDescribingJson object at 0x0000019DCF55E950>]}
[0m16:33:39.868278 [debug] [MainThread]: Sending event: {'category': 'dbt', 'action': 'load_project', 'label': '4ad6c7d5-2318-45a8-b1ca-5d9a5ad0e54b', 'context': [<snowplow_tracker.self_describing_json.SelfDescribingJson object at 0x0000019DD0902F50>]}
[0m16:33:39.972071 [debug] [MainThread]: Wrote artifact WritableManifest to C:\Users\SandipSingha\Desktop\bob-a-thon\datamind\dbt_project\target\manifest.json
[0m16:33:40.022690 [debug] [MainThread]: Wrote artifact SemanticManifest to C:\Users\SandipSingha\Desktop\bob-a-thon\datamind\dbt_project\target\semantic_manifest.json
[0m16:33:40.078501 [debug] [MainThread]: Sending event: {'category': 'dbt', 'action': 'resource_counts', 'label': '4ad6c7d5-2318-45a8-b1ca-5d9a5ad0e54b', 'context': [<snowplow_tracker.self_describing_json.SelfDescribingJson object at 0x0000019DD0A14450>]}
[0m16:33:40.078501 [info ] [MainThread]: Found 5 models, 2 data tests, 3 sources, 522 macros
[0m16:33:40.080016 [debug] [MainThread]: Sending event: {'category': 'dbt', 'action': 'runnable_timing', 'label': '4ad6c7d5-2318-45a8-b1ca-5d9a5ad0e54b', 'context': [<snowplow_tracker.self_describing_json.SelfDescribingJson object at 0x0000019DCF1B1FD0>]}
[0m16:33:40.083216 [info ] [MainThread]: 
[0m16:33:40.083890 [info ] [MainThread]: Concurrency: 2 threads (target='dev')
[0m16:33:40.084903 [info ] [MainThread]: 
[0m16:33:40.085904 [debug] [MainThread]: Acquiring new snowflake connection 'master'
[0m16:33:40.098346 [debug] [ThreadPool]: Acquiring new snowflake connection 'list_DATAMIND_DB_DBT_DEV'
[0m16:33:46.901018 [debug] [ThreadPool]: Using snowflake connection "list_DATAMIND_DB_DBT_DEV"
[0m16:33:46.902029 [debug] [ThreadPool]: On list_DATAMIND_DB_DBT_DEV: show objects in DATAMIND_DB.DBT_DEV
    limit 10000
    

/* {"app": "dbt", "dbt_version": "1.11.5", "profile_name": "datamind_analytics", "target_name": "dev", "connection_name": "list_DATAMIND_DB_DBT_DEV"} */;
[0m16:33:46.903028 [debug] [ThreadPool]: Opening a new connection, currently in state init
[0m16:33:49.520151 [debug] [ThreadPool]: SQL status: SUCCESS 0 in 2.618 seconds
[0m16:33:49.522935 [debug] [MainThread]: Sending event: {'category': 'dbt', 'action': 'runnable_timing', 'label': '4ad6c7d5-2318-45a8-b1ca-5d9a5ad0e54b', 'context': [<snowplow_tracker.self_describing_json.SelfDescribingJson object at 0x0000019DCF1C5BD0>]}
[0m16:33:49.536468 [debug] [Thread-1 (]: Began running node model.datamind_analytics.stg_customers
[0m16:33:49.537467 [debug] [Thread-2 (]: Began running node model.datamind_analytics.stg_orders
[0m16:33:49.538630 [debug] [Thread-1 (]: Acquiring new snowflake connection 'model.datamind_analytics.stg_customers'
[0m16:33:49.539642 [debug] [Thread-2 (]: Acquiring new snowflake connection 'model.datamind_analytics.stg_orders'
[0m16:33:49.539642 [debug] [Thread-1 (]: Began compiling node model.datamind_analytics.stg_customers
[0m16:33:49.540642 [debug] [Thread-2 (]: Began compiling node model.datamind_analytics.stg_orders
[0m16:33:49.549150 [debug] [Thread-1 (]: Writing injected SQL for node "model.datamind_analytics.stg_customers"
[0m16:33:49.553872 [debug] [Thread-2 (]: Writing injected SQL for node "model.datamind_analytics.stg_orders"
[0m16:33:49.557884 [debug] [Thread-1 (]: Began executing node model.datamind_analytics.stg_customers
[0m16:33:49.560410 [debug] [Thread-1 (]: Finished running node model.datamind_analytics.stg_customers
[0m16:33:49.560410 [debug] [Thread-2 (]: Began executing node model.datamind_analytics.stg_orders
[0m16:33:49.561409 [debug] [Thread-1 (]: Began running node model.datamind_analytics.stg_products
[0m16:33:49.562408 [debug] [Thread-2 (]: Finished running node model.datamind_analytics.stg_orders
[0m16:33:49.562408 [debug] [Thread-1 (]: Re-using an available connection from the pool (formerly model.datamind_analytics.stg_customers, now model.datamind_analytics.stg_products)
[0m16:33:49.564408 [debug] [Thread-1 (]: Began compiling node model.datamind_analytics.stg_products
[0m16:33:49.569209 [debug] [Thread-1 (]: Writing injected SQL for node "model.datamind_analytics.stg_products"
[0m16:33:49.571750 [debug] [Thread-1 (]: Began executing node model.datamind_analytics.stg_products
[0m16:33:49.573162 [debug] [Thread-1 (]: Finished running node model.datamind_analytics.stg_products
[0m16:33:49.574174 [debug] [Thread-2 (]: Began running node model.datamind_analytics.fct_orders
[0m16:33:49.575173 [debug] [Thread-2 (]: Re-using an available connection from the pool (formerly model.datamind_analytics.stg_orders, now model.datamind_analytics.fct_orders)
[0m16:33:49.575173 [debug] [Thread-2 (]: Began compiling node model.datamind_analytics.fct_orders
[0m16:33:49.579181 [debug] [Thread-2 (]: Writing injected SQL for node "model.datamind_analytics.fct_orders"
[0m16:33:49.582262 [debug] [Thread-2 (]: Began executing node model.datamind_analytics.fct_orders
[0m16:33:49.584115 [debug] [Thread-2 (]: Finished running node model.datamind_analytics.fct_orders
[0m16:33:49.585130 [debug] [Thread-1 (]: Began running node model.datamind_analytics.mart_revenue
[0m16:33:49.586642 [debug] [Thread-2 (]: Began running node test.datamind_analytics.not_null_fct_orders_order_id.4e687af8d0
[0m16:33:49.587652 [debug] [Thread-1 (]: Re-using an available connection from the pool (formerly model.datamind_analytics.stg_products, now model.datamind_analytics.mart_revenue)
[0m16:33:49.588652 [debug] [Thread-2 (]: Re-using an available connection from the pool (formerly model.datamind_analytics.fct_orders, now test.datamind_analytics.not_null_fct_orders_order_id.4e687af8d0)
[0m16:33:49.589652 [debug] [Thread-1 (]: Began compiling node model.datamind_analytics.mart_revenue
[0m16:33:49.589652 [debug] [Thread-2 (]: Began compiling node test.datamind_analytics.not_null_fct_orders_order_id.4e687af8d0
[0m16:33:49.592915 [debug] [Thread-1 (]: Writing injected SQL for node "model.datamind_analytics.mart_revenue"
[0m16:33:49.608057 [debug] [Thread-2 (]: Writing injected SQL for node "test.datamind_analytics.not_null_fct_orders_order_id.4e687af8d0"
[0m16:33:49.610054 [debug] [Thread-1 (]: Began executing node model.datamind_analytics.mart_revenue
[0m16:33:49.611351 [debug] [Thread-1 (]: Finished running node model.datamind_analytics.mart_revenue
[0m16:33:49.612367 [debug] [Thread-1 (]: Began running node test.datamind_analytics.unique_fct_orders_order_id.523ddb6ce5
[0m16:33:49.613365 [debug] [Thread-1 (]: Re-using an available connection from the pool (formerly model.datamind_analytics.mart_revenue, now test.datamind_analytics.unique_fct_orders_order_id.523ddb6ce5)
[0m16:33:49.613365 [debug] [Thread-2 (]: Began executing node test.datamind_analytics.not_null_fct_orders_order_id.4e687af8d0
[0m16:33:49.614364 [debug] [Thread-1 (]: Began compiling node test.datamind_analytics.unique_fct_orders_order_id.523ddb6ce5
[0m16:33:49.615077 [debug] [Thread-2 (]: Finished running node test.datamind_analytics.not_null_fct_orders_order_id.4e687af8d0
[0m16:33:49.623754 [debug] [Thread-1 (]: Writing injected SQL for node "test.datamind_analytics.unique_fct_orders_order_id.523ddb6ce5"
[0m16:33:49.625757 [debug] [Thread-1 (]: Began executing node test.datamind_analytics.unique_fct_orders_order_id.523ddb6ce5
[0m16:33:49.626756 [debug] [Thread-1 (]: Finished running node test.datamind_analytics.unique_fct_orders_order_id.523ddb6ce5
[0m16:33:49.628756 [debug] [MainThread]: Connection 'master' was properly closed.
[0m16:33:49.629763 [debug] [MainThread]: Connection 'list_DATAMIND_DB_DBT_DEV' was left open.
[0m16:33:49.630399 [debug] [MainThread]: On list_DATAMIND_DB_DBT_DEV: Close
[0m16:33:50.922136 [debug] [MainThread]: Connection 'test.datamind_analytics.unique_fct_orders_order_id.523ddb6ce5' was properly closed.
[0m16:33:50.923135 [debug] [MainThread]: Connection 'test.datamind_analytics.not_null_fct_orders_order_id.4e687af8d0' was properly closed.
[0m16:33:50.925139 [debug] [MainThread]: Command end result
[0m16:33:50.954220 [debug] [MainThread]: Wrote artifact WritableManifest to C:\Users\SandipSingha\Desktop\bob-a-thon\datamind\dbt_project\target\manifest.json
[0m16:33:50.958220 [debug] [MainThread]: Wrote artifact SemanticManifest to C:\Users\SandipSingha\Desktop\bob-a-thon\datamind\dbt_project\target\semantic_manifest.json
[0m16:33:50.967301 [debug] [MainThread]: Wrote artifact RunExecutionResult to C:\Users\SandipSingha\Desktop\bob-a-thon\datamind\dbt_project\target\run_results.json
[0m16:33:50.969319 [warn ] [MainThread]: [[33mWARNING[0m][DeprecationsSummary]: Deprecated functionality
Summary of encountered deprecations:
- PropertyMovedToConfigDeprecation: 2 occurrences
To see all deprecation instances instead of just the first occurrence of each,
run command again with the `--show-all-deprecations` flag. You may also need to
run with `--no-partial-parse` as some deprecations are only encountered during
parsing.
[0m16:33:50.971846 [debug] [MainThread]: Command `dbt compile` succeeded at 16:33:50.971846 after 20.78 seconds
[0m16:33:50.972841 [debug] [MainThread]: Sending event: {'category': 'dbt', 'action': 'invocation', 'label': 'end', 'context': [<snowplow_tracker.self_describing_json.SelfDescribingJson object at 0x0000019DB0FF61D0>, <snowplow_tracker.self_describing_json.SelfDescribingJson object at 0x0000019DB10735D0>, <snowplow_tracker.self_describing_json.SelfDescribingJson object at 0x0000019DB0D4BD50>]}
[0m16:33:50.973842 [debug] [MainThread]: Flushing usage events
[0m16:33:51.949617 [debug] [MainThread]: An error was encountered while trying to flush usage events
[0m16:36:24.257014 [debug] [MainThread]: Sending event: {'category': 'dbt', 'action': 'invocation', 'label': 'start', 'context': [<snowplow_tracker.self_describing_json.SelfDescribingJson object at 0x0000027FD6F54A50>, <snowplow_tracker.self_describing_json.SelfDescribingJson object at 0x0000027FD6F56350>, <snowplow_tracker.self_describing_json.SelfDescribingJson object at 0x0000027FD6F9B190>]}


============================== 16:36:24.263927 | 95fed7c9-2358-45a6-a48b-16f791b7eb0c ==============================
[0m16:36:24.263927 [info ] [MainThread]: Running with dbt=1.11.5
[0m16:36:24.265040 [debug] [MainThread]: running dbt with arguments {'printer_width': '80', 'indirect_selection': 'eager', 'write_json': 'True', 'log_cache_events': 'False', 'partial_parse': 'False', 'cache_selected_only': 'False', 'warn_error': 'None', 'debug': 'False', 'profiles_dir': '.', 'log_path': 'C:\\Users\\SandipSingha\\Desktop\\bob-a-thon\\datamind\\dbt_project\\logs', 'fail_fast': 'False', 'version_check': 'True', 'use_colors': 'True', 'use_experimental_parser': 'False', 'empty': 'False', 'quiet': 'False', 'no_print': 'None', 'warn_error_options': 'WarnErrorOptionsV2(error=[], warn=[], silence=[])', 'invocation_command': 'dbt compile --profiles-dir . --no-partial-parse', 'static_parser': 'True', 'log_format': 'default', 'target_path': 'None', 'introspect': 'True', 'send_anonymous_usage_stats': 'True'}
[0m16:36:25.146444 [debug] [MainThread]: Snowflake adapter: Setting snowflake.connector to ERROR (file logging only)
[0m16:36:25.146995 [debug] [MainThread]: Snowflake adapter: Setting botocore to ERROR (file logging only)
[0m16:36:25.148125 [debug] [MainThread]: Snowflake adapter: Setting boto3 to ERROR (file logging only)
[0m16:36:25.495598 [debug] [MainThread]: Sending event: {'category': 'dbt', 'action': 'project_id', 'label': '95fed7c9-2358-45a6-a48b-16f791b7eb0c', 'context': [<snowplow_tracker.self_describing_json.SelfDescribingJson object at 0x0000027FF5143810>]}
[0m16:36:25.611091 [debug] [MainThread]: Sending event: {'category': 'dbt', 'action': 'adapter_info', 'label': '95fed7c9-2358-45a6-a48b-16f791b7eb0c', 'context': [<snowplow_tracker.self_describing_json.SelfDescribingJson object at 0x0000027FD6E3FBD0>]}
[0m16:36:25.614346 [info ] [MainThread]: Registered adapter: snowflake=1.11.2
[0m16:36:26.190079 [debug] [MainThread]: checksum: 917838c7befe257b9b22a76c21e5785f6f23ac83ef0336e2870f03c9c3f28402, vars: {}, profile: , target: , version: 1.11.5
[0m16:36:26.191587 [debug] [MainThread]: Partial parsing not enabled
[0m16:36:28.249583 [debug] [MainThread]: Sending event: {'category': 'dbt', 'action': 'load_project', 'label': '95fed7c9-2358-45a6-a48b-16f791b7eb0c', 'context': [<snowplow_tracker.self_describing_json.SelfDescribingJson object at 0x0000027FF5214110>]}
[0m16:36:28.351464 [debug] [MainThread]: Wrote artifact WritableManifest to C:\Users\SandipSingha\Desktop\bob-a-thon\datamind\dbt_project\target\manifest.json
[0m16:36:28.355983 [debug] [MainThread]: Wrote artifact SemanticManifest to C:\Users\SandipSingha\Desktop\bob-a-thon\datamind\dbt_project\target\semantic_manifest.json
[0m16:36:28.397480 [debug] [MainThread]: Sending event: {'category': 'dbt', 'action': 'resource_counts', 'label': '95fed7c9-2358-45a6-a48b-16f791b7eb0c', 'context': [<snowplow_tracker.self_describing_json.SelfDescribingJson object at 0x0000027FF6A094D0>]}
[0m16:36:28.399699 [info ] [MainThread]: Found 5 models, 2 data tests, 3 sources, 522 macros
[0m16:36:28.399699 [debug] [MainThread]: Sending event: {'category': 'dbt', 'action': 'runnable_timing', 'label': '95fed7c9-2358-45a6-a48b-16f791b7eb0c', 'context': [<snowplow_tracker.self_describing_json.SelfDescribingJson object at 0x0000027FF51C5850>]}
[0m16:36:28.402833 [info ] [MainThread]: 
[0m16:36:28.403375 [info ] [MainThread]: Concurrency: 2 threads (target='dev')
[0m16:36:28.404456 [info ] [MainThread]: 
[0m16:36:28.405018 [debug] [MainThread]: Acquiring new snowflake connection 'master'
[0m16:36:28.414783 [debug] [ThreadPool]: Acquiring new snowflake connection 'list_DATAMIND_DB_DBT_DEV'
[0m16:36:28.547227 [debug] [ThreadPool]: Using snowflake connection "list_DATAMIND_DB_DBT_DEV"
[0m16:36:28.548388 [debug] [ThreadPool]: On list_DATAMIND_DB_DBT_DEV: show objects in DATAMIND_DB.DBT_DEV
    limit 10000
    

/* {"app": "dbt", "dbt_version": "1.11.5", "profile_name": "datamind_analytics", "target_name": "dev", "connection_name": "list_DATAMIND_DB_DBT_DEV"} */;
[0m16:36:28.549036 [debug] [ThreadPool]: Opening a new connection, currently in state init
[0m16:36:44.462841 [debug] [ThreadPool]: SQL status: SUCCESS 0 in 15.914 seconds
[0m16:36:44.466359 [debug] [MainThread]: Sending event: {'category': 'dbt', 'action': 'runnable_timing', 'label': '95fed7c9-2358-45a6-a48b-16f791b7eb0c', 'context': [<snowplow_tracker.self_describing_json.SelfDescribingJson object at 0x0000027FF518DFD0>]}
[0m16:36:44.473012 [debug] [Thread-1 (]: Began running node model.datamind_analytics.stg_customers
[0m16:36:44.474016 [debug] [Thread-2 (]: Began running node model.datamind_analytics.stg_orders
[0m16:36:44.475521 [debug] [Thread-1 (]: Acquiring new snowflake connection 'model.datamind_analytics.stg_customers'
[0m16:36:44.476534 [debug] [Thread-2 (]: Acquiring new snowflake connection 'model.datamind_analytics.stg_orders'
[0m16:36:44.477534 [debug] [Thread-1 (]: Began compiling node model.datamind_analytics.stg_customers
[0m16:36:44.478535 [debug] [Thread-2 (]: Began compiling node model.datamind_analytics.stg_orders
[0m16:36:44.486914 [debug] [Thread-1 (]: Writing injected SQL for node "model.datamind_analytics.stg_customers"
[0m16:36:44.490917 [debug] [Thread-2 (]: Writing injected SQL for node "model.datamind_analytics.stg_orders"
[0m16:36:44.493917 [debug] [Thread-1 (]: Began executing node model.datamind_analytics.stg_customers
[0m16:36:44.494915 [debug] [Thread-1 (]: Finished running node model.datamind_analytics.stg_customers
[0m16:36:44.496428 [debug] [Thread-2 (]: Began executing node model.datamind_analytics.stg_orders
[0m16:36:44.496428 [debug] [Thread-1 (]: Began running node model.datamind_analytics.stg_products
[0m16:36:44.498133 [debug] [Thread-2 (]: Finished running node model.datamind_analytics.stg_orders
[0m16:36:44.499152 [debug] [Thread-1 (]: Re-using an available connection from the pool (formerly model.datamind_analytics.stg_customers, now model.datamind_analytics.stg_products)
[0m16:36:44.500532 [debug] [Thread-1 (]: Began compiling node model.datamind_analytics.stg_products
[0m16:36:44.504546 [debug] [Thread-1 (]: Writing injected SQL for node "model.datamind_analytics.stg_products"
[0m16:36:44.505547 [debug] [Thread-1 (]: Began executing node model.datamind_analytics.stg_products
[0m16:36:44.507060 [debug] [Thread-1 (]: Finished running node model.datamind_analytics.stg_products
[0m16:36:44.509075 [debug] [Thread-2 (]: Began running node model.datamind_analytics.fct_orders
[0m16:36:44.510078 [debug] [Thread-2 (]: Re-using an available connection from the pool (formerly model.datamind_analytics.stg_orders, now model.datamind_analytics.fct_orders)
[0m16:36:44.510078 [debug] [Thread-2 (]: Began compiling node model.datamind_analytics.fct_orders
[0m16:36:44.515700 [debug] [Thread-2 (]: Writing injected SQL for node "model.datamind_analytics.fct_orders"
[0m16:36:44.517697 [debug] [Thread-2 (]: Began executing node model.datamind_analytics.fct_orders
[0m16:36:44.519013 [debug] [Thread-2 (]: Finished running node model.datamind_analytics.fct_orders
[0m16:36:44.520017 [debug] [Thread-1 (]: Began running node model.datamind_analytics.mart_revenue
[0m16:36:44.521013 [debug] [Thread-2 (]: Began running node test.datamind_analytics.not_null_fct_orders_order_id.4e687af8d0
[0m16:36:44.522012 [debug] [Thread-1 (]: Re-using an available connection from the pool (formerly model.datamind_analytics.stg_products, now model.datamind_analytics.mart_revenue)
[0m16:36:44.523015 [debug] [Thread-2 (]: Re-using an available connection from the pool (formerly model.datamind_analytics.fct_orders, now test.datamind_analytics.not_null_fct_orders_order_id.4e687af8d0)
[0m16:36:44.523015 [debug] [Thread-1 (]: Began compiling node model.datamind_analytics.mart_revenue
[0m16:36:44.524014 [debug] [Thread-2 (]: Began compiling node test.datamind_analytics.not_null_fct_orders_order_id.4e687af8d0
[0m16:36:44.528022 [debug] [Thread-1 (]: Writing injected SQL for node "model.datamind_analytics.mart_revenue"
[0m16:36:44.542643 [debug] [Thread-2 (]: Writing injected SQL for node "test.datamind_analytics.not_null_fct_orders_order_id.4e687af8d0"
[0m16:36:44.545254 [debug] [Thread-1 (]: Began executing node model.datamind_analytics.mart_revenue
[0m16:36:44.547249 [debug] [Thread-1 (]: Finished running node model.datamind_analytics.mart_revenue
[0m16:36:44.547249 [debug] [Thread-2 (]: Began executing node test.datamind_analytics.not_null_fct_orders_order_id.4e687af8d0
[0m16:36:44.547249 [debug] [Thread-1 (]: Began running node test.datamind_analytics.unique_fct_orders_order_id.523ddb6ce5
[0m16:36:44.549785 [debug] [Thread-2 (]: Finished running node test.datamind_analytics.not_null_fct_orders_order_id.4e687af8d0
[0m16:36:44.549785 [debug] [Thread-1 (]: Re-using an available connection from the pool (formerly model.datamind_analytics.mart_revenue, now test.datamind_analytics.unique_fct_orders_order_id.523ddb6ce5)
[0m16:36:44.550784 [debug] [Thread-1 (]: Began compiling node test.datamind_analytics.unique_fct_orders_order_id.523ddb6ce5
[0m16:36:44.558781 [debug] [Thread-1 (]: Writing injected SQL for node "test.datamind_analytics.unique_fct_orders_order_id.523ddb6ce5"
[0m16:36:44.560865 [debug] [Thread-1 (]: Began executing node test.datamind_analytics.unique_fct_orders_order_id.523ddb6ce5
[0m16:36:44.562863 [debug] [Thread-1 (]: Finished running node test.datamind_analytics.unique_fct_orders_order_id.523ddb6ce5
[0m16:36:44.564865 [debug] [MainThread]: Connection 'master' was properly closed.
[0m16:36:44.564865 [debug] [MainThread]: Connection 'list_DATAMIND_DB_DBT_DEV' was left open.
[0m16:36:44.565866 [debug] [MainThread]: On list_DATAMIND_DB_DBT_DEV: Close
[0m16:36:45.232151 [debug] [MainThread]: Connection 'test.datamind_analytics.unique_fct_orders_order_id.523ddb6ce5' was properly closed.
[0m16:36:45.232151 [debug] [MainThread]: Connection 'test.datamind_analytics.not_null_fct_orders_order_id.4e687af8d0' was properly closed.
[0m16:36:45.234675 [debug] [MainThread]: Command end result
[0m16:36:45.264628 [debug] [MainThread]: Wrote artifact WritableManifest to C:\Users\SandipSingha\Desktop\bob-a-thon\datamind\dbt_project\target\manifest.json
[0m16:36:45.267649 [debug] [MainThread]: Wrote artifact SemanticManifest to C:\Users\SandipSingha\Desktop\bob-a-thon\datamind\dbt_project\target\semantic_manifest.json
[0m16:36:45.275791 [debug] [MainThread]: Wrote artifact RunExecutionResult to C:\Users\SandipSingha\Desktop\bob-a-thon\datamind\dbt_project\target\run_results.json
[0m16:36:45.276964 [debug] [MainThread]: Command `dbt compile` succeeded at 16:36:45.276964 after 21.30 seconds
[0m16:36:45.277951 [debug] [MainThread]: Sending event: {'category': 'dbt', 'action': 'invocation', 'label': 'end', 'context': [<snowplow_tracker.self_describing_json.SelfDescribingJson object at 0x0000027FD6F56090>, <snowplow_tracker.self_describing_json.SelfDescribingJson object at 0x0000027FD1AA3C90>, <snowplow_tracker.self_describing_json.SelfDescribingJson object at 0x0000027FD6CEB950>]}
[0m16:36:45.278966 [debug] [MainThread]: Flushing usage events
[0m16:36:46.513849 [debug] [MainThread]: An error was encountered while trying to flush usage events
[0m20:41:45.533572 [debug] [MainThread]: Sending event: {'category': 'dbt', 'action': 'invocation', 'label': 'start', 'context': [<snowplow_tracker.self_describing_json.SelfDescribingJson object at 0x00000245BD298490>, <snowplow_tracker.self_describing_json.SelfDescribingJson object at 0x00000245BD1A24D0>, <snowplow_tracker.self_describing_json.SelfDescribingJson object at 0x00000245BD5A26D0>]}


============================== 20:41:45.543751 | d8a167a3-9e40-461f-9c83-05537af393eb ==============================
[0m20:41:45.543751 [info ] [MainThread]: Running with dbt=1.11.5
[0m20:41:45.544279 [debug] [MainThread]: running dbt with arguments {'printer_width': '80', 'indirect_selection': 'eager', 'log_cache_events': 'False', 'write_json': 'True', 'partial_parse': 'True', 'cache_selected_only': 'False', 'profiles_dir': '.', 'version_check': 'True', 'warn_error': 'None', 'log_path': 'C:\\Users\\SandipSingha\\Desktop\\bob-a-thon\\datamind\\dbt_project\\logs', 'fail_fast': 'False', 'debug': 'False', 'use_colors': 'True', 'use_experimental_parser': 'False', 'no_print': 'None', 'quiet': 'False', 'empty': 'False', 'log_format': 'default', 'invocation_command': 'dbt compile --profiles-dir .', 'introspect': 'True', 'warn_error_options': 'WarnErrorOptionsV2(error=[], warn=[], silence=[])', 'target_path': 'None', 'static_parser': 'True', 'send_anonymous_usage_stats': 'True'}
[0m20:41:46.869650 [debug] [MainThread]: Snowflake adapter: Setting snowflake.connector to ERROR (file logging only)
[0m20:41:46.869650 [debug] [MainThread]: Snowflake adapter: Setting botocore to ERROR (file logging only)
[0m20:41:46.869650 [debug] [MainThread]: Snowflake adapter: Setting boto3 to ERROR (file logging only)
[0m20:41:47.324753 [debug] [MainThread]: Sending event: {'category': 'dbt', 'action': 'project_id', 'label': 'd8a167a3-9e40-461f-9c83-05537af393eb', 'context': [<snowplow_tracker.self_describing_json.SelfDescribingJson object at 0x00000245DB68AF10>]}
[0m20:41:47.400911 [debug] [MainThread]: Sending event: {'category': 'dbt', 'action': 'adapter_info', 'label': 'd8a167a3-9e40-461f-9c83-05537af393eb', 'context': [<snowplow_tracker.self_describing_json.SelfDescribingJson object at 0x00000245BD40FDD0>]}
[0m20:41:47.407008 [info ] [MainThread]: Registered adapter: snowflake=1.11.2
[0m20:41:48.379542 [debug] [MainThread]: checksum: 917838c7befe257b9b22a76c21e5785f6f23ac83ef0336e2870f03c9c3f28402, vars: {}, profile: , target: , version: 1.11.5
[0m20:41:54.005850 [debug] [MainThread]: Partial parsing enabled: 0 files deleted, 0 files added, 0 files changed.
[0m20:41:54.005850 [debug] [MainThread]: Nothing changed, skipping partial parsing.
[0m20:41:54.007863 [debug] [MainThread]: Partial parsing enabled, no changes found, skipping parsing
[0m20:41:54.056346 [debug] [MainThread]: Sending event: {'category': 'dbt', 'action': 'load_project', 'label': 'd8a167a3-9e40-461f-9c83-05537af393eb', 'context': [<snowplow_tracker.self_describing_json.SelfDescribingJson object at 0x00000245DB6892D0>]}
[0m20:41:54.150367 [debug] [MainThread]: Wrote artifact WritableManifest to C:\Users\SandipSingha\Desktop\bob-a-thon\datamind\dbt_project\target\manifest.json
[0m20:41:54.172842 [debug] [MainThread]: Wrote artifact SemanticManifest to C:\Users\SandipSingha\Desktop\bob-a-thon\datamind\dbt_project\target\semantic_manifest.json
[0m20:41:54.225445 [debug] [MainThread]: Sending event: {'category': 'dbt', 'action': 'resource_counts', 'label': 'd8a167a3-9e40-461f-9c83-05537af393eb', 'context': [<snowplow_tracker.self_describing_json.SelfDescribingJson object at 0x00000245BBAA1850>]}
[0m20:41:54.228253 [info ] [MainThread]: Found 5 models, 2 data tests, 3 sources, 522 macros
[0m20:41:54.228652 [debug] [MainThread]: Sending event: {'category': 'dbt', 'action': 'runnable_timing', 'label': 'd8a167a3-9e40-461f-9c83-05537af393eb', 'context': [<snowplow_tracker.self_describing_json.SelfDescribingJson object at 0x00000245DBA0BFD0>]}
[0m20:41:54.230183 [info ] [MainThread]: 
[0m20:41:54.232202 [info ] [MainThread]: Concurrency: 2 threads (target='dev')
[0m20:41:54.232202 [info ] [MainThread]: 
[0m20:41:54.234210 [debug] [MainThread]: Acquiring new snowflake connection 'master'
[0m20:41:54.238863 [debug] [ThreadPool]: Acquiring new snowflake connection 'list_DATAMIND_DB_DBT_DEV'
[0m20:42:02.544289 [debug] [ThreadPool]: Using snowflake connection "list_DATAMIND_DB_DBT_DEV"
[0m20:42:02.546304 [debug] [ThreadPool]: On list_DATAMIND_DB_DBT_DEV: show objects in DATAMIND_DB.DBT_DEV
    limit 10000
    

/* {"app": "dbt", "dbt_version": "1.11.5", "profile_name": "datamind_analytics", "target_name": "dev", "connection_name": "list_DATAMIND_DB_DBT_DEV"} */;
[0m20:42:02.546304 [debug] [ThreadPool]: Opening a new connection, currently in state init
[0m20:42:05.485579 [debug] [ThreadPool]: SQL status: SUCCESS 0 in 2.938 seconds
[0m20:42:05.487630 [debug] [MainThread]: Sending event: {'category': 'dbt', 'action': 'runnable_timing', 'label': 'd8a167a3-9e40-461f-9c83-05537af393eb', 'context': [<snowplow_tracker.self_describing_json.SelfDescribingJson object at 0x00000245DB9E6890>]}
[0m20:42:05.491708 [debug] [Thread-1 (]: Began running node model.datamind_analytics.stg_customers
[0m20:42:05.497880 [debug] [Thread-2 (]: Began running node model.datamind_analytics.stg_orders
[0m20:42:05.500287 [debug] [Thread-1 (]: Acquiring new snowflake connection 'model.datamind_analytics.stg_customers'
[0m20:42:05.501833 [debug] [Thread-2 (]: Acquiring new snowflake connection 'model.datamind_analytics.stg_orders'
[0m20:42:05.501833 [debug] [Thread-1 (]: Began compiling node model.datamind_analytics.stg_customers
[0m20:42:05.501833 [debug] [Thread-2 (]: Began compiling node model.datamind_analytics.stg_orders
[0m20:42:05.510959 [debug] [Thread-1 (]: Writing injected SQL for node "model.datamind_analytics.stg_customers"
[0m20:42:05.518519 [debug] [Thread-2 (]: Writing injected SQL for node "model.datamind_analytics.stg_orders"
[0m20:42:05.520546 [debug] [Thread-1 (]: Began executing node model.datamind_analytics.stg_customers
[0m20:42:05.520546 [debug] [Thread-2 (]: Began executing node model.datamind_analytics.stg_orders
[0m20:42:05.525297 [debug] [Thread-1 (]: Finished running node model.datamind_analytics.stg_customers
[0m20:42:05.525297 [debug] [Thread-2 (]: Finished running node model.datamind_analytics.stg_orders
[0m20:42:05.525297 [debug] [Thread-1 (]: Began running node model.datamind_analytics.stg_products
[0m20:42:05.525297 [debug] [Thread-1 (]: Re-using an available connection from the pool (formerly model.datamind_analytics.stg_customers, now model.datamind_analytics.stg_products)
[0m20:42:05.525297 [debug] [Thread-1 (]: Began compiling node model.datamind_analytics.stg_products
[0m20:42:05.529607 [debug] [Thread-1 (]: Writing injected SQL for node "model.datamind_analytics.stg_products"
[0m20:42:05.531618 [debug] [Thread-1 (]: Began executing node model.datamind_analytics.stg_products
[0m20:42:05.531618 [debug] [Thread-1 (]: Finished running node model.datamind_analytics.stg_products
[0m20:42:05.533344 [debug] [Thread-2 (]: Began running node model.datamind_analytics.fct_orders
[0m20:42:05.533344 [debug] [Thread-2 (]: Re-using an available connection from the pool (formerly model.datamind_analytics.stg_orders, now model.datamind_analytics.fct_orders)
[0m20:42:05.535982 [debug] [Thread-2 (]: Began compiling node model.datamind_analytics.fct_orders
[0m20:42:05.539537 [debug] [Thread-2 (]: Writing injected SQL for node "model.datamind_analytics.fct_orders"
[0m20:42:05.541546 [debug] [Thread-2 (]: Began executing node model.datamind_analytics.fct_orders
[0m20:42:05.541546 [debug] [Thread-2 (]: Finished running node model.datamind_analytics.fct_orders
[0m20:42:05.541546 [debug] [Thread-1 (]: Began running node model.datamind_analytics.mart_revenue
[0m20:42:05.541546 [debug] [Thread-2 (]: Began running node test.datamind_analytics.not_null_fct_orders_order_id.4e687af8d0
[0m20:42:05.541546 [debug] [Thread-1 (]: Re-using an available connection from the pool (formerly model.datamind_analytics.stg_products, now model.datamind_analytics.mart_revenue)
[0m20:42:05.544510 [debug] [Thread-2 (]: Re-using an available connection from the pool (formerly model.datamind_analytics.fct_orders, now test.datamind_analytics.not_null_fct_orders_order_id.4e687af8d0)
[0m20:42:05.544510 [debug] [Thread-1 (]: Began compiling node model.datamind_analytics.mart_revenue
[0m20:42:05.544510 [debug] [Thread-2 (]: Began compiling node test.datamind_analytics.not_null_fct_orders_order_id.4e687af8d0
[0m20:42:05.546525 [debug] [Thread-1 (]: Writing injected SQL for node "model.datamind_analytics.mart_revenue"
[0m20:42:05.560190 [debug] [Thread-2 (]: Writing injected SQL for node "test.datamind_analytics.not_null_fct_orders_order_id.4e687af8d0"
[0m20:42:05.561216 [debug] [Thread-1 (]: Began executing node model.datamind_analytics.mart_revenue
[0m20:42:05.563220 [debug] [Thread-1 (]: Finished running node model.datamind_analytics.mart_revenue
[0m20:42:05.563220 [debug] [Thread-2 (]: Began executing node test.datamind_analytics.not_null_fct_orders_order_id.4e687af8d0
[0m20:42:05.563220 [debug] [Thread-1 (]: Began running node test.datamind_analytics.unique_fct_orders_order_id.523ddb6ce5
[0m20:42:05.563220 [debug] [Thread-2 (]: Finished running node test.datamind_analytics.not_null_fct_orders_order_id.4e687af8d0
[0m20:42:05.565986 [debug] [Thread-1 (]: Re-using an available connection from the pool (formerly model.datamind_analytics.mart_revenue, now test.datamind_analytics.unique_fct_orders_order_id.523ddb6ce5)
[0m20:42:05.566826 [debug] [Thread-1 (]: Began compiling node test.datamind_analytics.unique_fct_orders_order_id.523ddb6ce5
[0m20:42:05.570375 [debug] [Thread-1 (]: Writing injected SQL for node "test.datamind_analytics.unique_fct_orders_order_id.523ddb6ce5"
[0m20:42:05.574871 [debug] [Thread-1 (]: Began executing node test.datamind_analytics.unique_fct_orders_order_id.523ddb6ce5
[0m20:42:05.574871 [debug] [Thread-1 (]: Finished running node test.datamind_analytics.unique_fct_orders_order_id.523ddb6ce5
[0m20:42:05.574871 [debug] [MainThread]: Connection 'master' was properly closed.
[0m20:42:05.574871 [debug] [MainThread]: Connection 'list_DATAMIND_DB_DBT_DEV' was left open.
[0m20:42:05.574871 [debug] [MainThread]: On list_DATAMIND_DB_DBT_DEV: Close
[0m20:42:06.462795 [debug] [MainThread]: Connection 'test.datamind_analytics.unique_fct_orders_order_id.523ddb6ce5' was properly closed.
[0m20:42:06.462795 [debug] [MainThread]: Connection 'test.datamind_analytics.not_null_fct_orders_order_id.4e687af8d0' was properly closed.
[0m20:42:06.468299 [debug] [MainThread]: Command end result
[0m20:42:06.583390 [debug] [MainThread]: Wrote artifact WritableManifest to C:\Users\SandipSingha\Desktop\bob-a-thon\datamind\dbt_project\target\manifest.json
[0m20:42:06.585147 [debug] [MainThread]: Wrote artifact SemanticManifest to C:\Users\SandipSingha\Desktop\bob-a-thon\datamind\dbt_project\target\semantic_manifest.json
[0m20:42:06.592812 [debug] [MainThread]: Wrote artifact RunExecutionResult to C:\Users\SandipSingha\Desktop\bob-a-thon\datamind\dbt_project\target\run_results.json
[0m20:42:06.595325 [debug] [MainThread]: Command `dbt compile` succeeded at 20:42:06.594820 after 21.37 seconds
[0m20:42:06.595325 [debug] [MainThread]: Sending event: {'category': 'dbt', 'action': 'invocation', 'label': 'end', 'context': [<snowplow_tracker.self_describing_json.SelfDescribingJson object at 0x00000245B7FDBD50>, <snowplow_tracker.self_describing_json.SelfDescribingJson object at 0x00000245B7FDB150>, <snowplow_tracker.self_describing_json.SelfDescribingJson object at 0x00000245B7FDB0D0>]}
[0m20:42:06.595325 [debug] [MainThread]: Flushing usage events
[0m20:42:08.014791 [debug] [MainThread]: An error was encountered while trying to flush usage events
[0m17:43:16.413221 [debug] [MainThread]: Sending event: {'category': 'dbt', 'action': 'invocation', 'label': 'start', 'context': [<snowplow_tracker.self_describing_json.SelfDescribingJson object at 0x0000018BABAB6E50>, <snowplow_tracker.self_describing_json.SelfDescribingJson object at 0x0000018BABB32010>, <snowplow_tracker.self_describing_json.SelfDescribingJson object at 0x0000018BAB80FF10>]}


============================== 17:43:16.432922 | 56915e25-2004-4362-a54c-1121fd17e9e0 ==============================
[0m17:43:16.432922 [info ] [MainThread]: Running with dbt=1.11.5
[0m17:43:16.439043 [debug] [MainThread]: running dbt with arguments {'printer_width': '80', 'indirect_selection': 'eager', 'write_json': 'True', 'log_cache_events': 'False', 'partial_parse': 'True', 'cache_selected_only': 'False', 'warn_error': 'None', 'debug': 'False', 'version_check': 'True', 'log_path': 'C:\\Users\\SandipSingha\\Desktop\\bob-a-thon\\datamind\\dbt_project\\logs', 'profiles_dir': 'C:\\Users\\SandipSingha\\Desktop\\bob-a-thon\\datamind\\dbt_project', 'fail_fast': 'False', 'use_colors': 'True', 'use_experimental_parser': 'False', 'empty': 'False', 'quiet': 'False', 'no_print': 'None', 'warn_error_options': 'WarnErrorOptionsV2(error=[], warn=[], silence=[])', 'invocation_command': 'dbt compile', 'static_parser': 'True', 'introspect': 'True', 'target_path': 'None', 'log_format': 'default', 'send_anonymous_usage_stats': 'True'}
[0m17:43:22.196304 [debug] [MainThread]: Snowflake adapter: Setting snowflake.connector to ERROR (file logging only)
[0m17:43:22.200880 [debug] [MainThread]: Snowflake adapter: Setting botocore to ERROR (file logging only)
[0m17:43:22.206230 [debug] [MainThread]: Snowflake adapter: Setting boto3 to ERROR (file logging only)
[0m17:43:24.499549 [debug] [MainThread]: Sending event: {'category': 'dbt', 'action': 'project_id', 'label': '56915e25-2004-4362-a54c-1121fd17e9e0', 'context': [<snowplow_tracker.self_describing_json.SelfDescribingJson object at 0x0000018BC9CBF790>]}
[0m17:43:25.099052 [debug] [MainThread]: Sending event: {'category': 'dbt', 'action': 'adapter_info', 'label': '56915e25-2004-4362-a54c-1121fd17e9e0', 'context': [<snowplow_tracker.self_describing_json.SelfDescribingJson object at 0x0000018BAB99FB10>]}
[0m17:43:25.120173 [info ] [MainThread]: Registered adapter: snowflake=1.11.2
[0m17:43:28.782830 [debug] [MainThread]: checksum: 917838c7befe257b9b22a76c21e5785f6f23ac83ef0336e2870f03c9c3f28402, vars: {}, profile: , target: , version: 1.11.5
[0m17:43:39.260939 [debug] [MainThread]: Partial parsing enabled: 0 files deleted, 0 files added, 0 files changed.
[0m17:43:39.266582 [debug] [MainThread]: Nothing changed, skipping partial parsing.
[0m17:43:39.272243 [debug] [MainThread]: Partial parsing enabled, no changes found, skipping parsing
[0m17:43:39.672095 [debug] [MainThread]: Sending event: {'category': 'dbt', 'action': 'load_project', 'label': '56915e25-2004-4362-a54c-1121fd17e9e0', 'context': [<snowplow_tracker.self_describing_json.SelfDescribingJson object at 0x0000018BC925C2D0>]}
[0m17:43:40.323352 [debug] [MainThread]: Wrote artifact WritableManifest to C:\Users\SandipSingha\Desktop\bob-a-thon\datamind\dbt_project\target\manifest.json
[0m17:43:40.446148 [debug] [MainThread]: Wrote artifact SemanticManifest to C:\Users\SandipSingha\Desktop\bob-a-thon\datamind\dbt_project\target\semantic_manifest.json
[0m17:43:40.973724 [debug] [MainThread]: Sending event: {'category': 'dbt', 'action': 'resource_counts', 'label': '56915e25-2004-4362-a54c-1121fd17e9e0', 'context': [<snowplow_tracker.self_describing_json.SelfDescribingJson object at 0x0000018BCA0FAA10>]}
[0m17:43:40.977844 [info ] [MainThread]: Found 5 models, 2 data tests, 3 sources, 522 macros
[0m17:43:40.981975 [debug] [MainThread]: Sending event: {'category': 'dbt', 'action': 'runnable_timing', 'label': '56915e25-2004-4362-a54c-1121fd17e9e0', 'context': [<snowplow_tracker.self_describing_json.SelfDescribingJson object at 0x0000018BCA20A4D0>]}
[0m17:43:41.006718 [info ] [MainThread]: 
[0m17:43:41.017198 [info ] [MainThread]: Concurrency: 2 threads (target='dev')
[0m17:43:41.033305 [info ] [MainThread]: 
[0m17:43:41.128964 [debug] [MainThread]: Acquiring new snowflake connection 'master'
[0m17:43:41.199727 [debug] [ThreadPool]: Acquiring new snowflake connection 'list_DATAMIND_DB_DBT_DEV'
[0m17:43:58.654082 [debug] [ThreadPool]: Using snowflake connection "list_DATAMIND_DB_DBT_DEV"
[0m17:43:58.656690 [debug] [ThreadPool]: On list_DATAMIND_DB_DBT_DEV: show objects in DATAMIND_DB.DBT_DEV
    limit 10000
    

/* {"app": "dbt", "dbt_version": "1.11.5", "profile_name": "datamind_analytics", "target_name": "dev", "connection_name": "list_DATAMIND_DB_DBT_DEV"} */;
[0m17:43:58.657232 [debug] [ThreadPool]: Opening a new connection, currently in state init
[0m17:44:02.018396 [debug] [ThreadPool]: SQL status: SUCCESS 0 in 3.361 seconds
[0m17:44:02.023923 [debug] [MainThread]: Sending event: {'category': 'dbt', 'action': 'runnable_timing', 'label': '56915e25-2004-4362-a54c-1121fd17e9e0', 'context': [<snowplow_tracker.self_describing_json.SelfDescribingJson object at 0x0000018BAA5A1110>]}
[0m17:44:02.045135 [debug] [Thread-1 (]: Began running node model.datamind_analytics.stg_customers
[0m17:44:02.047664 [debug] [Thread-2 (]: Began running node model.datamind_analytics.stg_orders
[0m17:44:02.049851 [debug] [Thread-1 (]: Acquiring new snowflake connection 'model.datamind_analytics.stg_customers'
[0m17:44:02.051851 [debug] [Thread-2 (]: Acquiring new snowflake connection 'model.datamind_analytics.stg_orders'
[0m17:44:02.052872 [debug] [Thread-1 (]: Began compiling node model.datamind_analytics.stg_customers
[0m17:44:02.055688 [debug] [Thread-2 (]: Began compiling node model.datamind_analytics.stg_orders
[0m17:44:02.069633 [debug] [Thread-1 (]: Writing injected SQL for node "model.datamind_analytics.stg_customers"
[0m17:44:02.077712 [debug] [Thread-2 (]: Writing injected SQL for node "model.datamind_analytics.stg_orders"
[0m17:44:02.087852 [debug] [Thread-2 (]: Began executing node model.datamind_analytics.stg_orders
[0m17:44:02.088461 [debug] [Thread-1 (]: Began executing node model.datamind_analytics.stg_customers
[0m17:44:02.090827 [debug] [Thread-2 (]: Finished running node model.datamind_analytics.stg_orders
[0m17:44:02.092860 [debug] [Thread-1 (]: Finished running node model.datamind_analytics.stg_customers
[0m17:44:02.094380 [debug] [Thread-2 (]: Began running node model.datamind_analytics.stg_products
[0m17:44:02.097025 [debug] [Thread-2 (]: Re-using an available connection from the pool (formerly model.datamind_analytics.stg_orders, now model.datamind_analytics.stg_products)
[0m17:44:02.099527 [debug] [Thread-2 (]: Began compiling node model.datamind_analytics.stg_products
[0m17:44:02.105283 [debug] [Thread-2 (]: Writing injected SQL for node "model.datamind_analytics.stg_products"
[0m17:44:02.108657 [debug] [Thread-2 (]: Began executing node model.datamind_analytics.stg_products
[0m17:44:02.111167 [debug] [Thread-2 (]: Finished running node model.datamind_analytics.stg_products
[0m17:44:02.113181 [debug] [Thread-1 (]: Began running node model.datamind_analytics.fct_orders
[0m17:44:02.114730 [debug] [Thread-1 (]: Re-using an available connection from the pool (formerly model.datamind_analytics.stg_customers, now model.datamind_analytics.fct_orders)
[0m17:44:02.115719 [debug] [Thread-1 (]: Began compiling node model.datamind_analytics.fct_orders
[0m17:44:02.119734 [debug] [Thread-1 (]: Writing injected SQL for node "model.datamind_analytics.fct_orders"
[0m17:44:02.123519 [debug] [Thread-1 (]: Began executing node model.datamind_analytics.fct_orders
[0m17:44:02.125049 [debug] [Thread-1 (]: Finished running node model.datamind_analytics.fct_orders
[0m17:44:02.127080 [debug] [Thread-2 (]: Began running node model.datamind_analytics.mart_revenue
[0m17:44:02.128071 [debug] [Thread-1 (]: Began running node test.datamind_analytics.not_null_fct_orders_order_id.4e687af8d0
[0m17:44:02.130068 [debug] [Thread-2 (]: Re-using an available connection from the pool (formerly model.datamind_analytics.stg_products, now model.datamind_analytics.mart_revenue)
[0m17:44:02.131069 [debug] [Thread-1 (]: Re-using an available connection from the pool (formerly model.datamind_analytics.fct_orders, now test.datamind_analytics.not_null_fct_orders_order_id.4e687af8d0)
[0m17:44:02.133108 [debug] [Thread-2 (]: Began compiling node model.datamind_analytics.mart_revenue
[0m17:44:02.134712 [debug] [Thread-1 (]: Began compiling node test.datamind_analytics.not_null_fct_orders_order_id.4e687af8d0
[0m17:44:02.142568 [debug] [Thread-2 (]: Writing injected SQL for node "model.datamind_analytics.mart_revenue"
[0m17:44:02.158104 [debug] [Thread-1 (]: Writing injected SQL for node "test.datamind_analytics.not_null_fct_orders_order_id.4e687af8d0"
[0m17:44:02.165200 [debug] [Thread-2 (]: Began executing node model.datamind_analytics.mart_revenue
[0m17:44:02.167221 [debug] [Thread-2 (]: Finished running node model.datamind_analytics.mart_revenue
[0m17:44:02.169001 [debug] [Thread-2 (]: Began running node test.datamind_analytics.unique_fct_orders_order_id.523ddb6ce5
[0m17:44:02.170028 [debug] [Thread-2 (]: Re-using an available connection from the pool (formerly model.datamind_analytics.mart_revenue, now test.datamind_analytics.unique_fct_orders_order_id.523ddb6ce5)
[0m17:44:02.171044 [debug] [Thread-1 (]: Began executing node test.datamind_analytics.not_null_fct_orders_order_id.4e687af8d0
[0m17:44:02.172036 [debug] [Thread-2 (]: Began compiling node test.datamind_analytics.unique_fct_orders_order_id.523ddb6ce5
[0m17:44:02.173037 [debug] [Thread-1 (]: Finished running node test.datamind_analytics.not_null_fct_orders_order_id.4e687af8d0
[0m17:44:02.186398 [debug] [Thread-2 (]: Writing injected SQL for node "test.datamind_analytics.unique_fct_orders_order_id.523ddb6ce5"
[0m17:44:02.191397 [debug] [Thread-2 (]: Began executing node test.datamind_analytics.unique_fct_orders_order_id.523ddb6ce5
[0m17:44:02.194944 [debug] [Thread-2 (]: Finished running node test.datamind_analytics.unique_fct_orders_order_id.523ddb6ce5
[0m17:44:02.198506 [debug] [MainThread]: Connection 'master' was properly closed.
[0m17:44:02.199823 [debug] [MainThread]: Connection 'list_DATAMIND_DB_DBT_DEV' was left open.
[0m17:44:02.201849 [debug] [MainThread]: On list_DATAMIND_DB_DBT_DEV: Close
[0m17:44:02.869162 [debug] [MainThread]: Connection 'test.datamind_analytics.not_null_fct_orders_order_id.4e687af8d0' was properly closed.
[0m17:44:02.869162 [debug] [MainThread]: Connection 'test.datamind_analytics.unique_fct_orders_order_id.523ddb6ce5' was properly closed.
[0m17:44:02.874911 [debug] [MainThread]: Command end result
[0m17:44:03.098343 [debug] [MainThread]: Wrote artifact WritableManifest to C:\Users\SandipSingha\Desktop\bob-a-thon\datamind\dbt_project\target\manifest.json
[0m17:44:03.102860 [debug] [MainThread]: Wrote artifact SemanticManifest to C:\Users\SandipSingha\Desktop\bob-a-thon\datamind\dbt_project\target\semantic_manifest.json
[0m17:44:03.119459 [debug] [MainThread]: Wrote artifact RunExecutionResult to C:\Users\SandipSingha\Desktop\bob-a-thon\datamind\dbt_project\target\run_results.json
[0m17:44:03.120973 [debug] [MainThread]: Command `dbt compile` succeeded at 17:44:03.120973 after 47.55 seconds
[0m17:44:03.120973 [debug] [MainThread]: Sending event: {'category': 'dbt', 'action': 'invocation', 'label': 'end', 'context': [<snowplow_tracker.self_describing_json.SelfDescribingJson object at 0x0000018BA5E77C90>, <snowplow_tracker.self_describing_json.SelfDescribingJson object at 0x0000018BA5E76E90>, <snowplow_tracker.self_describing_json.SelfDescribingJson object at 0x0000018BAAA03390>]}
[0m17:44:03.123005 [debug] [MainThread]: Flushing usage events
[0m17:44:04.419568 [debug] [MainThread]: An error was encountered while trying to flush usage events
